f:\ai_project_v02_mem\ai_project\x64\debug\vc140.pdb
f:\ai_project_v02_mem\ai_project\x64\debug\vc140.idb
f:\ai_project_v02_mem\ai_project\x64\debug\gcc_phat.obj
f:\ai_project_v02_mem\ai_project\x64\debug\main.obj
f:\ai_project_v02_mem\ai_project\x64\debug\procbuffers.obj
f:\ai_project_v02_mem\ai_project\x64\debug\rtiva.obj
f:\ai_project_v02_mem\ai_project\x64\debug\sigproc.obj
f:\ai_project_v02_mem\ai_project\x64\debug\snmf.obj
f:\ai_project_v02_mem\ai_project\x64\debug\stft.obj
f:\ai_project_v02_mem\ai_project\x64\debug\tools.obj
f:\ai_project_v02_mem\ai_project\x64\debug\vad.obj
f:\ai_project_v03\ai_project\x64\debug\vc140.pdb
f:\ai_project_v03\ai_project\x64\debug\vc140.idb
f:\ai_project_v03\ai_project\x64\debug\gcc_phat.obj
f:\ai_project_v03\ai_project\x64\debug\main.obj
f:\ai_project_v03\ai_project\x64\debug\procbuffers.obj
f:\ai_project_v03\ai_project\x64\debug\rtiva.obj
f:\ai_project_v03\ai_project\x64\debug\sigproc.obj
f:\ai_project_v03\ai_project\x64\debug\snmf.obj
f:\ai_project_v03\ai_project\x64\debug\stft.obj
f:\ai_project_v03\ai_project\x64\debug\tools.obj
f:\ai_project_v03\ai_project\x64\debug\vad.obj
f:\ai_project_v04\ai_project\x64\debug\vc140.pdb
f:\ai_project_v05_library\ai_project\x64\debug\vc140.pdb
f:\ai_project_v05_library\ai_project\x64\debug\vc140.idb
f:\ai_project_v05_library\ai_project\x64\debug\main.obj
f:\ai_project_v05_library\ai_project\x64\debug\procbuffers.obj
f:\ai_project_v05_library\ai_project\x64\debug\rtiva.obj
f:\ai_project_v05_library\ai_project\x64\debug\sigproc.obj
f:\ai_project_v05_library\ai_project\x64\debug\snmf.obj
f:\ai_project_v05_library\ai_project\x64\debug\stft.obj
f:\ai_project_v05_library\ai_project\x64\debug\tools.obj
f:\ai_project_v05_library\ai_project\x64\debug\vad.obj
f:\ai_project_v02_mem\x64\debug\ai_project.ilk
f:\ai_project_v02_mem\x64\debug\ai_project.exe
f:\ai_project_v02_mem\x64\debug\ai_project.pdb
f:\ai_project_v03\x64\debug\ai_project.ilk
f:\ai_project_v03\x64\debug\ai_project.exe
f:\ai_project_v03\x64\debug\ai_project.pdb
f:\ai_project_v04\x64\debug\ai_project.ilk
f:\ai_project_v04\x64\debug\ai_project.exe
f:\ai_project_v04\x64\debug\ai_project.pdb
f:\ai_project_v05_library\x64\debug\ai_project.ilk
f:\ai_project_v05_library\x64\debug\ai_project.exe
f:\ai_project_v05_library\x64\debug\ai_project.pdb
f:\ai_project_v05_library\ai_project\x64\debug\gcc_phat.obj
f:\ai_project_v05_library\ai_project\x64\debug\gcc_phat.obj.enc
f:\ai_project_v05_library\ai_project\x64\debug\main.obj.enc
f:\ai_project_v05_library\ai_project\x64\debug\procbuffers.obj.enc
f:\ai_project_v05_library\ai_project\x64\debug\snmf.obj.enc
f:\ai_project_v05_library\ai_project\x64\debug\ai_project.tlog\cl.command.1.tlog
f:\ai_project_v05_library\ai_project\x64\debug\ai_project.tlog\cl.read.1.tlog
f:\ai_project_v05_library\ai_project\x64\debug\ai_project.tlog\cl.write.1.tlog
f:\ai_project_v05_library\ai_project\x64\debug\ai_project.tlog\link.command.1.tlog
f:\ai_project_v05_library\ai_project\x64\debug\ai_project.tlog\link.read.1.tlog
f:\ai_project_v05_library\ai_project\x64\debug\ai_project.tlog\link.write.1.tlog
