f:\ai_project_v02_mem\ai_project\debug\vc140.pdb
f:\ai_project_v02_mem\ai_project\debug\vc140.idb
f:\ai_project_v02_mem\ai_project\debug\gcc_phat.obj
f:\ai_project_v02_mem\ai_project\debug\main.obj
f:\ai_project_v02_mem\ai_project\debug\procbuffers.obj
f:\ai_project_v02_mem\ai_project\debug\rtiva.obj
f:\ai_project_v02_mem\ai_project\debug\sigproc.obj
f:\ai_project_v02_mem\ai_project\debug\snmf.obj
f:\ai_project_v02_mem\ai_project\debug\stft.obj
f:\ai_project_v02_mem\ai_project\debug\tools.obj
f:\ai_project_v02_mem\ai_project\debug\vad.obj
f:\ai_project_v02_mem\debug\ai_project.ilk
f:\ai_project_v02_mem\debug\ai_project.exe
f:\ai_project_v02_mem\debug\ai_project.pdb
f:\ai_project_v02_mem\ai_project\debug\ai_project.tlog\cl.command.1.tlog
f:\ai_project_v02_mem\ai_project\debug\ai_project.tlog\cl.read.1.tlog
f:\ai_project_v02_mem\ai_project\debug\ai_project.tlog\cl.write.1.tlog
f:\ai_project_v02_mem\ai_project\debug\ai_project.tlog\link.command.1.tlog
f:\ai_project_v02_mem\ai_project\debug\ai_project.tlog\link.read.1.tlog
f:\ai_project_v02_mem\ai_project\debug\ai_project.tlog\link.write.1.tlog
